
<!DOCTYPE html>
<html>
<head>
<!--
ExtentReports Library 2.41.0 | http://relevantcodes.com/extentreports-for-selenium/ | https://github.com/anshooarora/
Copyright (c) 2015, Anshoo Arora (Relevant Codes) | Copyrights licensed under the New BSD License | http://opensource.org/licenses/BSD-3-Clause
Documentation: http://extentreports.relevantcodes.com 
-->

<meta charset='UTF-8' /> 
<meta name='description' content='ExtentReports (by Anshoo Arora) is a reporting library for automation testing for .NET and Java. It creates detailed and beautiful HTML reports for modern browsers. ExtentReports shows test and step summary along with dashboards, system and environment details for quick analysis of your tests.' />
<meta name='robots' content='noodp, noydir' />
<meta name='viewport' content='width=device-width, initial-scale=1' />
<meta name='extentx' id='extentx' content='' />

<title>
Cucumber Extent Reports - v1.1.0
</title>


<link href='https://fonts.googleapis.com/css?family=Source+Sans+Pro:400,600' rel='stylesheet' type='text/css'>
<link href='https://cdn.rawgit.com/anshooarora/extentreports/97fc3fe7f55cba86a4f5b6ff9a2bb80de3e4867c/cdn/extent.css' type='text/css' rel='stylesheet' />

<style>

            
                
            
        
</style>
</head>


<body class='extent standard hide-overflow'>
<!-- nav -->
<nav>
<div class='logo-container'>
<a class='logo-content' href='http://extentreports.relevantcodes.com'>
<span>ExtentReports</span>
</a>
<a href='#' data-activates='slide-out' class='button-collapse hide-on-large-only'><i class='mdi-navigation-apps'></i></a>
</div>
<ul id='slide-out' class='side-nav fixed hide-on-med-and-down'>
<li class='analysis waves-effect active'><a href='#!' class='test-view' onclick="_updateCurrentStage(0)"><i class='mdi-action-dashboard'></i>Test Details</a></li>
<li class='analysis waves-effect'><a href='#!' class='categories-view' onclick="_updateCurrentStage(1)"><i class='mdi-maps-local-offer'></i>Categories</a></li>
<li class='analysis waves-effect'><a href='#!' class='dashboard-view'><i class='mdi-action-track-changes'></i></i>Analysis</a></li>
</ul>
<span class='report-name'>Intigral-Cucumber-Report</span> <span class='report-headline'> - v1.1.0</span>
<ul class='right hide-on-med-and-down nav-right'>
<li class='theme-selector' alt='Click to toggle dark theme. To enable by default, use js configuration $("body").addClass("dark");' title='Click to toggle dark theme. To enable by default, use js configuration $("body").addClass("dark");'>
<i class='mdi-hardware-desktop-windows'></i>
</li>
<li>
<span class='suite-started-time'>2019-07-27 14:06:19</span>
</li>
<li>
<span>v2.41.0</span>
</li>
</ul>
</nav>
<!-- /nav -->

<!-- container -->
<div class='container'>

<!-- dashboard -->
<div id='dashboard-view' class='row'>
<div class='time-totals'>
<div class='col l2 m4 s6'>
<div class='card suite-total-tests'> 
<span class='panel-name'>Total Tests</span> 
<span class='total-tests'> <span class='panel-lead'></span> </span> 
</div> 
</div>
<div class='col l2 m4 s6'>
<div class='card suite-total-steps'> 
<span class='panel-name'>Total Steps</span> 
<span class='total-steps'> <span class='panel-lead'></span> </span> 
</div> 
</div>
<div class='col l2 m4 s12'>
<div class='card suite-total-time-current'> 
<span class='panel-name'>Total Time Taken (Current Run)</span> 
<span class='suite-total-time-current-value panel-lead'>0h 4m 31s+772ms</span> 
</div> 
</div>
<div class='col l2 m4 s12'>
<div class='card suite-total-time-overall'> 
<span class='panel-name'>Total Time Taken (Overall)</span> 
<span class='suite-total-time-overall-value panel-lead'>0h 4m 31s+772ms</span> 
</div> 
</div>
<div class='col l2 m4 s6 suite-start-time'>
<div class='card accent green-accent'> 
<span class='panel-name'>Start</span> 
<span class='panel-lead suite-started-time'>2019-07-27 14:01:47</span> 
</div> 
</div>
<div class='col l2 m4 s6 suite-end-time'>
<div class='card accent pink-accent'> 
<span class='panel-name'>End</span> 
<span class='panel-lead suite-ended-time'>2019-07-27 14:06:19</span> 
</div> 
</div>
</div>
<div class='charts'>
<div class='col s12 m6 l4 fh'> 
<div class='card-panel'> 
<div>
<span class='panel-name'>Tests View</span>
</div> 
<div class='panel-setting modal-trigger test-count-setting right'>
<a href='#test-count-setting'><i class='mdi-navigation-more-vert text-md'></i></a>
</div> 
<div class='chart-box'>
<canvas class='text-centered' id='test-analysis'></canvas>
</div> 
<div>
<span class='weight-light'><span class='t-pass-count weight-normal'></span> test(s) passed</span>
</div> 
<div>
<span class='weight-light'><span class='t-fail-count weight-normal'></span> test(s) failed, <span class='t-others-count weight-normal'></span> others</span>
</div> 
</div> 
</div> 
<div class='col s12 m6 l4 fh'> 
<div class='card-panel'> 
<div>
<span class='panel-name'>Steps View</span>
</div> 
<div class='panel-setting modal-trigger step-status-filter right'>
<a href='#step-status-filter'><i class='mdi-navigation-more-vert text-md'></i></a>
</div> 
<div class='chart-box'>
<canvas class='text-centered' id='step-analysis'></canvas>
</div> 
<div>
<span class='weight-light'><span class='s-pass-count weight-normal'></span> step(s) passed </span>
</div> 
<div>
<span class='weight-light'><span class='s-fail-count weight-normal'></span> step(s) failed, <span class='s-others-count weight-normal'></span> others</span>
</div> 
</div> 
</div>
<div class='col s12 m12 l4 fh'> 
<div class='card-panel'> 
<span class='panel-name'>Pass Percentage</span> 
<span class='pass-percentage panel-lead'></span> 
<div class='progress light-blue lighten-3'> 
<div class='determinate light-blue'></div> 
</div> 
</div> 
</div>
</div>
<div class='system-view'>
<div class='col l4 m12 s12'>
<div class='card-panel'>
<span class='label info outline right'>Environment</span>
<table>
<thead>
<tr>
<th>Param</th>
<th>Value</th>
</tr>
</thead>
<tbody>
<tr>
<td>User Name</td>
<td>vardhmangolchha</td>
</tr>
<tr>
<td>OS</td>
<td>Mac OS X</td>
</tr>
<tr>
<td>Java Version</td>
<td>1.8.0_202</td>
</tr>
<tr>
<td>Host Name</td>
<td>Vardhmans-MacBook-Pro.local</td>
</tr>
<tr>
<td>Extent Cucumber Reporter version</td>
<td>v1.1.0</td>
</tr>
<tr>
<td>Browser version</td>
<td>v75.0</td>
</tr>
<tr>
<td>Cucumber version</td>
<td>v1.2.3</td>
</tr>
<tr>
<td>Selenium version</td>
<td>v2.53.0</td>
</tr>
<tr>
<td>Browser Name</td>
<td>Chrome</td>
</tr>
</tbody>
</table>
</div>
</div>
</div>
<div class='category-summary-view'>
<div class='col l4 m6 s12'>
<div class='card-panel'>
<span class='label info outline right'>Categories</span>
<table>
<thead>
<tr>
<th>Name</th>
</tr>
</thead>
<tbody>
<tr>
<td>
@bottomtest
</td>
</tr>
</tbody>
</table>
</div>
</div>
</div>
</div>
<!-- /dashboard -->

<!-- tests -->
<div id='test-view' class='row _addedTable'>
<div class='col _addedCell1'>
<div class='contents'>
<div class='card-panel heading'>
<h5>Tests</h5>
</div>
<div class='card-panel filters'>
<div>
<a data-activates='tests-toggle' data-constrainwidth='true' data-beloworigin='true' data-hover='true' href='#' class='dropdown-button button tests-toggle'><i class='mdi-action-subject icon'></i></a>
<ul id='tests-toggle' class='dropdown-content'>
<li class='pass'><a href='#!'>Pass</a></li>
<li class='fail'><a href='#!'>Fail</a></li>
<li class='skip'><a href='#!'>Skip</a></li>
<li class='divider'></li>
<li class='clear'><a href='#!'>Clear Filters</a></li>
</ul>
</div>
<div>
<a data-activates='category-toggle' data-constrainwidth='false' data-beloworigin='true' data-hover='true' href='#' class='category-toggle dropdown-button button'><i class='mdi-maps-local-offer icon'></i></a>
<ul id='category-toggle' class='dropdown-content'>
<li class='@bottomtest'><a href='#!'>@bottomtest</a></li>
<li class='divider'></li>
<li class='clear'><a href='#!'>Clear Filters</a></li>
</ul>
</div>
<div>
<a id='clear-filters' alt='Clear Filters' title='Clear Filters'><i class='mdi-navigation-close icon'></i></a>
</div>
<div>&nbsp;&middot;&nbsp;</div>
<div>
<a id='enableDashboard' alt='Enable Dashboard' title='Enable Dashboard'><i class='mdi-action-track-changes icon'></i></a>
</div>
<div>
<a id='refreshCharts' alt='Refresh Charts on Filters' title='Refresh Charts on Filters' class='enabled'><i class='mdi-navigation-refresh icon'></i></i></a>
</div>
<div>&nbsp;&middot;</div>
<div class='search' alt='Search Tests' title='Search Tests'>
<div class='input-field left'>
<input id='searchTests' type='text' class='validate' placeholder='Search Tests...'>
</div>
<i class='mdi-action-search icon'></i>
</div>
</div>
<div class='card-panel no-padding-h no-padding-v no-margin-v'>
<div class='wrapper'>
<ul id='test-collection' class='test-collection'>
<li class='collection-item test displayed active fail hasChildren' extentid='6d06e991-3cd3-4b47-afaa-916c3fee1510'>
<div class='test-head'>
<span class='test-name'>Feature: Verify sample tests for home and login screen </span>
<span class='test-status label right outline capitalize fail'>fail</span>
<span class='category-assigned hide  @bottomtest'></span>
</div>
<div class='test-body'>
<div class='test-info'>
<span title='Test started time' alt='Test started time' class='test-started-time label green lighten-1 text-white'>2019-07-27 14:01:47</span>
<span title='Test ended time' alt='Test ended time' class='test-ended-time label red lighten-1 text-white'>2019-07-27 14:06:19</span>
<span title='Time taken to finish' alt='Time taken to finish' class='test-time-taken label blue-grey lighten-3 text-white'>0h 4m 31s+149ms</span>
</div>
<div class='test-desc'></div>
<div class='test-attributes'>
<div class='categories'>
<span class='category text-white'>@bottomtest</span>
</div>
</div>
<div class='test-steps'>
<table class='bordered table-results'>
<thead>
<tr>
<th>Status</th>
<th>Timestamp</th>
<th>Details</th>
</tr>
</thead>
<tbody>
</tbody>
</table>
<ul class='collapsible node-list' data-collapsible='accordion'>
<li class='displayed fail node-1x'>
<div class='collapsible-header test-node fail'>
<div class='right test-info'>
<span title='Test started time' alt='Test started time' class='test-started-time label green lighten-2 text-white'>2019-07-27 14:01:47</span>
<span title='Test ended time' alt='Test ended time' class='test-ended-time label red lighten-2 text-white'>2019-07-27 14:02:35</span>
<span title='Time taken to finish' alt='Time taken to finish' class='test-time-taken label blue-grey lighten-2 text-white'>0h 0m 47s+460ms</span>
<span class='test-status label outline capitalize fail'>fail</span>
</div>
<div class='test-node-name'>Scenario: Validate that one single payment method is available for Lebanon country</div>
<div class='test-node-desc'></div>
</div>
<div class='collapsible-body'>
<div class='test-steps'>
<table class='bordered table-results'>
<thead>
<tr>
<th>Status</th>
<th>Timestamp</th>
<th>StepName</th>
<th>Details</th>
</tr>
</thead>
<tbody>
<tr>
<td class='status pass' title='pass' alt='pass'><i class='mdi-action-check-circle'></i></td>
<td class='timestamp'>14:01:57</td>
<td class='step-name'>Jawwytv site "http://www.jawwy.tv" opens successfully</td>
<td class='step-details'>PASSED</td>
</tr>
<tr>
<td class='status pass' title='pass' alt='pass'><i class='mdi-action-check-circle'></i></td>
<td class='timestamp'>14:02:00</td>
<td class='step-name'>User changes language in welcome screen</td>
<td class='step-details'>PASSED</td>
</tr>
<tr>
<td class='status pass' title='pass' alt='pass'><i class='mdi-action-check-circle'></i></td>
<td class='timestamp'>14:02:03</td>
<td class='step-name'>User clicks on seven days free subscribe now button</td>
<td class='step-details'>PASSED</td>
</tr>
<tr>
<td class='status pass' title='pass' alt='pass'><i class='mdi-action-check-circle'></i></td>
<td class='timestamp'>14:02:03</td>
<td class='step-name'>User enters username as "<username>"</td>
<td class='step-details'>PASSED</td>
</tr>
<tr>
<td class='status pass' title='pass' alt='pass'><i class='mdi-action-check-circle'></i></td>
<td class='timestamp'>14:02:03</td>
<td class='step-name'>User enters password as "<password>"</td>
<td class='step-details'>PASSED</td>
</tr>
<tr>
<td class='status pass' title='pass' alt='pass'><i class='mdi-action-check-circle'></i></td>
<td class='timestamp'>14:02:03</td>
<td class='step-name'>User clicks on continue button</td>
<td class='step-details'>PASSED</td>
</tr>
<tr>
<td class='status fail' title='fail' alt='fail'><i class='mdi-navigation-cancel'></i></td>
<td class='timestamp'>14:02:33</td>
<td class='step-name'>User should select "Lebanon" from country dropdown menu</td>
<td class='step-details'>org.openqa.selenium.NoSuchElementException: no such element: Unable to locate element: {"method":"xpath","selector":"//select[@name='country']"}
  (Session info: chrome=75.0.3770.142)
For documentation on this error, please visit: http://seleniumhq.org/exceptions/no_such_element.html
Build info: version: '3.8.1', revision: '6e95a6684b', time: '2017-12-01T18:33:54.468Z'
System info: host: 'Vardhmans-MacBook-Pro.local', ip: 'fe80:0:0:0:105e:3f63:c324:32f8%en0', os.name: 'Mac OS X', os.arch: 'x86_64', os.version: '10.13.6', java.version: '1.8.0_202'
Driver info: org.openqa.selenium.chrome.ChromeDriver
Capabilities {acceptInsecureCerts: false, browserName: chrome, browserVersion: 75.0.3770.142, chrome: {chromedriverVersion: 75.0.3770.8 (681f24ea911fe7..., userDataDir: /var/folders/hb/vbyt7k3j3bq...}, goog:chromeOptions: {debuggerAddress: localhost:49818}, javascriptEnabled: true, networkConnectionEnabled: false, pageLoadStrategy: normal, platform: MAC, platformName: MAC, proxy: Proxy(), setWindowRect: true, strictFileInteractability: false, timeouts: {implicit: 0, pageLoad: 300000, script: 30000}, unhandledPromptBehavior: dismiss and notify}
Session ID: f5b928a0031c95b6978d9f874b49d31e
*** Element info: {Using=xpath, value=//select[@name='country']}
	at sun.reflect.NativeConstructorAccessorImpl.newInstance0(Native Method)
	at sun.reflect.NativeConstructorAccessorImpl.newInstance(NativeConstructorAccessorImpl.java:62)
	at sun.reflect.DelegatingConstructorAccessorImpl.newInstance(DelegatingConstructorAccessorImpl.java:45)
	at java.lang.reflect.Constructor.newInstance(Constructor.java:423)
	at org.openqa.selenium.remote.http.W3CHttpResponseCodec.createException(W3CHttpResponseCodec.java:187)
	at org.openqa.selenium.remote.http.W3CHttpResponseCodec.decode(W3CHttpResponseCodec.java:122)
	at org.openqa.selenium.remote.http.W3CHttpResponseCodec.decode(W3CHttpResponseCodec.java:49)
	at org.openqa.selenium.remote.HttpCommandExecutor.execute(HttpCommandExecutor.java:164)
	at org.openqa.selenium.remote.service.DriverCommandExecutor.execute(DriverCommandExecutor.java:83)
	at org.openqa.selenium.remote.RemoteWebDriver.execute(RemoteWebDriver.java:601)
	at org.openqa.selenium.remote.RemoteWebDriver.findElement(RemoteWebDriver.java:371)
	at org.openqa.selenium.remote.RemoteWebDriver.findElementByXPath(RemoteWebDriver.java:473)
	at org.openqa.selenium.By$ByXPath.findElement(By.java:361)
	at org.openqa.selenium.remote.RemoteWebDriver.findElement(RemoteWebDriver.java:363)
	at org.openqa.selenium.support.pagefactory.DefaultElementLocator.findElement(DefaultElementLocator.java:69)
	at org.openqa.selenium.support.pagefactory.internal.LocatingElementHandler.invoke(LocatingElementHandler.java:38)
	at com.sun.proxy.$Proxy21.getTagName(Unknown Source)
	at org.openqa.selenium.support.ui.Select.<init>(Select.java:44)
	at pageActions.CreateAccountPageActions.selectCountryFromDropdown(CreateAccountPageActions.java:44)
	at stepDefination.SampleTestingStepDefs.user_should_select_country_dropdown_menu(SampleTestingStepDefs.java:100)
	at ✽.And User should select "Lebanon" from country dropdown menu(sampletesting.feature:19)</td>
</tr>
<tr>
<td class='status skip' title='skip' alt='skip'><i class='mdi-content-redo'></i></td>
<td class='timestamp'>14:02:33</td>
<td class='step-name'>User should see that only one "Credit card" payment method is displayed</td>
<td class='step-details'>SKIPPED</td>
</tr>
<tr>
<td class='status info' title='info' alt='info'><i class='mdi-action-info-outline'></i></td>
<td class='timestamp'>14:02:35</td>
<td class='step-details'><img class='report-img' data-featherlight='screenshot-1564221755190.png' src='screenshot-1564221755190.png' /></td>
</tr>
</tbody>
</table>
</div>
</div>
</li>
<li class='displayed fail node-1x'>
<div class='collapsible-header test-node fail'>
<div class='right test-info'>
<span title='Test started time' alt='Test started time' class='test-started-time label green lighten-2 text-white'>2019-07-27 14:02:35</span>
<span title='Test ended time' alt='Test ended time' class='test-ended-time label red lighten-2 text-white'>2019-07-27 14:04:24</span>
<span title='Time taken to finish' alt='Time taken to finish' class='test-time-taken label blue-grey lighten-2 text-white'>0h 1m 48s+801ms</span>
<span class='test-status label outline capitalize fail'>fail</span>
</div>
<div class='test-node-name'>Scenario: Validate that two payment methods are available for Bahrain country</div>
<div class='test-node-desc'></div>
</div>
<div class='collapsible-body'>
<div class='test-steps'>
<table class='bordered table-results'>
<thead>
<tr>
<th>Status</th>
<th>Timestamp</th>
<th>StepName</th>
<th>Details</th>
</tr>
</thead>
<tbody>
<tr>
<td class='status pass' title='pass' alt='pass'><i class='mdi-action-check-circle'></i></td>
<td class='timestamp'>14:03:10</td>
<td class='step-name'>Jawwytv site "http://www.jawwy.tv" opens successfully</td>
<td class='step-details'>PASSED</td>
</tr>
<tr>
<td class='status pass' title='pass' alt='pass'><i class='mdi-action-check-circle'></i></td>
<td class='timestamp'>14:03:19</td>
<td class='step-name'>User changes language in welcome screen</td>
<td class='step-details'>PASSED</td>
</tr>
<tr>
<td class='status pass' title='pass' alt='pass'><i class='mdi-action-check-circle'></i></td>
<td class='timestamp'>14:03:46</td>
<td class='step-name'>User clicks on seven days free subscribe now button</td>
<td class='step-details'>PASSED</td>
</tr>
<tr>
<td class='status pass' title='pass' alt='pass'><i class='mdi-action-check-circle'></i></td>
<td class='timestamp'>14:03:46</td>
<td class='step-name'>User enters username as "<username>"</td>
<td class='step-details'>PASSED</td>
</tr>
<tr>
<td class='status pass' title='pass' alt='pass'><i class='mdi-action-check-circle'></i></td>
<td class='timestamp'>14:03:46</td>
<td class='step-name'>User enters password as "<password>"</td>
<td class='step-details'>PASSED</td>
</tr>
<tr>
<td class='status pass' title='pass' alt='pass'><i class='mdi-action-check-circle'></i></td>
<td class='timestamp'>14:03:51</td>
<td class='step-name'>User clicks on continue button</td>
<td class='step-details'>PASSED</td>
</tr>
<tr>
<td class='status fail' title='fail' alt='fail'><i class='mdi-navigation-cancel'></i></td>
<td class='timestamp'>14:04:21</td>
<td class='step-name'>User should select "Bahrain" from country dropdown menu</td>
<td class='step-details'>org.openqa.selenium.NoSuchElementException: no such element: Unable to locate element: {"method":"xpath","selector":"//select[@name='country']"}
  (Session info: chrome=75.0.3770.142)
For documentation on this error, please visit: http://seleniumhq.org/exceptions/no_such_element.html
Build info: version: '3.8.1', revision: '6e95a6684b', time: '2017-12-01T18:33:54.468Z'
System info: host: 'Vardhmans-MacBook-Pro.local', ip: 'fe80:0:0:0:105e:3f63:c324:32f8%en0', os.name: 'Mac OS X', os.arch: 'x86_64', os.version: '10.13.6', java.version: '1.8.0_202'
Driver info: org.openqa.selenium.chrome.ChromeDriver
Capabilities {acceptInsecureCerts: false, browserName: chrome, browserVersion: 75.0.3770.142, chrome: {chromedriverVersion: 75.0.3770.8 (681f24ea911fe7..., userDataDir: /var/folders/hb/vbyt7k3j3bq...}, goog:chromeOptions: {debuggerAddress: localhost:50143}, javascriptEnabled: true, networkConnectionEnabled: false, pageLoadStrategy: normal, platform: MAC, platformName: MAC, proxy: Proxy(), setWindowRect: true, strictFileInteractability: false, timeouts: {implicit: 0, pageLoad: 300000, script: 30000}, unhandledPromptBehavior: dismiss and notify}
Session ID: 8a6e688ff764efb47c7b2ecbac6abb6c
*** Element info: {Using=xpath, value=//select[@name='country']}
	at sun.reflect.NativeConstructorAccessorImpl.newInstance0(Native Method)
	at sun.reflect.NativeConstructorAccessorImpl.newInstance(NativeConstructorAccessorImpl.java:62)
	at sun.reflect.DelegatingConstructorAccessorImpl.newInstance(DelegatingConstructorAccessorImpl.java:45)
	at java.lang.reflect.Constructor.newInstance(Constructor.java:423)
	at org.openqa.selenium.remote.http.W3CHttpResponseCodec.createException(W3CHttpResponseCodec.java:187)
	at org.openqa.selenium.remote.http.W3CHttpResponseCodec.decode(W3CHttpResponseCodec.java:122)
	at org.openqa.selenium.remote.http.W3CHttpResponseCodec.decode(W3CHttpResponseCodec.java:49)
	at org.openqa.selenium.remote.HttpCommandExecutor.execute(HttpCommandExecutor.java:164)
	at org.openqa.selenium.remote.service.DriverCommandExecutor.execute(DriverCommandExecutor.java:83)
	at org.openqa.selenium.remote.RemoteWebDriver.execute(RemoteWebDriver.java:601)
	at org.openqa.selenium.remote.RemoteWebDriver.findElement(RemoteWebDriver.java:371)
	at org.openqa.selenium.remote.RemoteWebDriver.findElementByXPath(RemoteWebDriver.java:473)
	at org.openqa.selenium.By$ByXPath.findElement(By.java:361)
	at org.openqa.selenium.remote.RemoteWebDriver.findElement(RemoteWebDriver.java:363)
	at org.openqa.selenium.support.pagefactory.DefaultElementLocator.findElement(DefaultElementLocator.java:69)
	at org.openqa.selenium.support.pagefactory.internal.LocatingElementHandler.invoke(LocatingElementHandler.java:38)
	at com.sun.proxy.$Proxy21.getTagName(Unknown Source)
	at org.openqa.selenium.support.ui.Select.<init>(Select.java:44)
	at pageActions.CreateAccountPageActions.selectCountryFromDropdown(CreateAccountPageActions.java:44)
	at stepDefination.SampleTestingStepDefs.user_should_select_country_dropdown_menu(SampleTestingStepDefs.java:100)
	at ✽.And User should select "Bahrain" from country dropdown menu(sampletesting.feature:27)</td>
</tr>
<tr>
<td class='status skip' title='skip' alt='skip'><i class='mdi-content-redo'></i></td>
<td class='timestamp'>14:04:21</td>
<td class='step-name'>User should see that 2 payment methods are displayed</td>
<td class='step-details'>SKIPPED</td>
</tr>
<tr>
<td class='status info' title='info' alt='info'><i class='mdi-action-info-outline'></i></td>
<td class='timestamp'>14:04:23</td>
<td class='step-details'><img class='report-img' data-featherlight='screenshot-1564221863987.png' src='screenshot-1564221863987.png' /></td>
</tr>
</tbody>
</table>
</div>
</div>
</li>
<li class='displayed fail node-1x'>
<div class='collapsible-header test-node fail'>
<div class='right test-info'>
<span title='Test started time' alt='Test started time' class='test-started-time label green lighten-2 text-white'>2019-07-27 14:04:24</span>
<span title='Test ended time' alt='Test ended time' class='test-ended-time label red lighten-2 text-white'>2019-07-27 14:06:19</span>
<span title='Time taken to finish' alt='Time taken to finish' class='test-time-taken label blue-grey lighten-2 text-white'>0h 1m 54s+857ms</span>
<span class='test-status label outline capitalize fail'>fail</span>
</div>
<div class='test-node-name'>Scenario: Validate user navigates back to subscribe now page</div>
<div class='test-node-desc'></div>
</div>
<div class='collapsible-body'>
<div class='test-steps'>
<table class='bordered table-results'>
<thead>
<tr>
<th>Status</th>
<th>Timestamp</th>
<th>StepName</th>
<th>Details</th>
</tr>
</thead>
<tbody>
<tr>
<td class='status pass' title='pass' alt='pass'><i class='mdi-action-check-circle'></i></td>
<td class='timestamp'>14:05:03</td>
<td class='step-name'>Jawwytv site "http://www.jawwy.tv" opens successfully</td>
<td class='step-details'>PASSED</td>
</tr>
<tr>
<td class='status pass' title='pass' alt='pass'><i class='mdi-action-check-circle'></i></td>
<td class='timestamp'>14:05:14</td>
<td class='step-name'>User changes language in welcome screen</td>
<td class='step-details'>PASSED</td>
</tr>
<tr>
<td class='status pass' title='pass' alt='pass'><i class='mdi-action-check-circle'></i></td>
<td class='timestamp'>14:05:45</td>
<td class='step-name'>User clicks on seven days free subscribe now button</td>
<td class='step-details'>PASSED</td>
</tr>
<tr>
<td class='status pass' title='pass' alt='pass'><i class='mdi-action-check-circle'></i></td>
<td class='timestamp'>14:05:45</td>
<td class='step-name'>User enters username as "<username>"</td>
<td class='step-details'>PASSED</td>
</tr>
<tr>
<td class='status pass' title='pass' alt='pass'><i class='mdi-action-check-circle'></i></td>
<td class='timestamp'>14:05:45</td>
<td class='step-name'>User enters password as "<password>"</td>
<td class='step-details'>PASSED</td>
</tr>
<tr>
<td class='status pass' title='pass' alt='pass'><i class='mdi-action-check-circle'></i></td>
<td class='timestamp'>14:05:46</td>
<td class='step-name'>User clicks on continue button</td>
<td class='step-details'>PASSED</td>
</tr>
<tr>
<td class='status fail' title='fail' alt='fail'><i class='mdi-navigation-cancel'></i></td>
<td class='timestamp'>14:06:16</td>
<td class='step-name'>User clicks on back button on payment screen</td>
<td class='step-details'>org.openqa.selenium.NoSuchElementException: no such element: Unable to locate element: {"method":"xpath","selector":"//button[@class="signup-form__back"]"}
  (Session info: chrome=75.0.3770.142)
For documentation on this error, please visit: http://seleniumhq.org/exceptions/no_such_element.html
Build info: version: '3.8.1', revision: '6e95a6684b', time: '2017-12-01T18:33:54.468Z'
System info: host: 'Vardhmans-MacBook-Pro.local', ip: 'fe80:0:0:0:105e:3f63:c324:32f8%en0', os.name: 'Mac OS X', os.arch: 'x86_64', os.version: '10.13.6', java.version: '1.8.0_202'
Driver info: org.openqa.selenium.chrome.ChromeDriver
Capabilities {acceptInsecureCerts: false, browserName: chrome, browserVersion: 75.0.3770.142, chrome: {chromedriverVersion: 75.0.3770.8 (681f24ea911fe7..., userDataDir: /var/folders/hb/vbyt7k3j3bq...}, goog:chromeOptions: {debuggerAddress: localhost:50780}, javascriptEnabled: true, networkConnectionEnabled: false, pageLoadStrategy: normal, platform: MAC, platformName: MAC, proxy: Proxy(), setWindowRect: true, strictFileInteractability: false, timeouts: {implicit: 0, pageLoad: 300000, script: 30000}, unhandledPromptBehavior: dismiss and notify}
Session ID: 7e2c4f5e417698bde7eb42dcdffe53e7
*** Element info: {Using=xpath, value=//button[@class="signup-form__back"]}
	at sun.reflect.NativeConstructorAccessorImpl.newInstance0(Native Method)
	at sun.reflect.NativeConstructorAccessorImpl.newInstance(NativeConstructorAccessorImpl.java:62)
	at sun.reflect.DelegatingConstructorAccessorImpl.newInstance(DelegatingConstructorAccessorImpl.java:45)
	at java.lang.reflect.Constructor.newInstance(Constructor.java:423)
	at org.openqa.selenium.remote.http.W3CHttpResponseCodec.createException(W3CHttpResponseCodec.java:187)
	at org.openqa.selenium.remote.http.W3CHttpResponseCodec.decode(W3CHttpResponseCodec.java:122)
	at org.openqa.selenium.remote.http.W3CHttpResponseCodec.decode(W3CHttpResponseCodec.java:49)
	at org.openqa.selenium.remote.HttpCommandExecutor.execute(HttpCommandExecutor.java:164)
	at org.openqa.selenium.remote.service.DriverCommandExecutor.execute(DriverCommandExecutor.java:83)
	at org.openqa.selenium.remote.RemoteWebDriver.execute(RemoteWebDriver.java:601)
	at org.openqa.selenium.remote.RemoteWebDriver.findElement(RemoteWebDriver.java:371)
	at org.openqa.selenium.remote.RemoteWebDriver.findElementByXPath(RemoteWebDriver.java:473)
	at org.openqa.selenium.By$ByXPath.findElement(By.java:361)
	at org.openqa.selenium.remote.RemoteWebDriver.findElement(RemoteWebDriver.java:363)
	at org.openqa.selenium.support.pagefactory.DefaultElementLocator.findElement(DefaultElementLocator.java:69)
	at org.openqa.selenium.support.pagefactory.internal.LocatingElementHandler.invoke(LocatingElementHandler.java:38)
	at com.sun.proxy.$Proxy21.click(Unknown Source)
	at pageActions.CreateAccountPageActions.clickOnBackButton(CreateAccountPageActions.java:64)
	at stepDefination.SampleTestingStepDefs.user_clicks_on_back_button_on_payment_screen(SampleTestingStepDefs.java:29)
	at ✽.When User clicks on back button on payment screen(sampletesting.feature:35)</td>
</tr>
<tr>
<td class='status skip' title='skip' alt='skip'><i class='mdi-content-redo'></i></td>
<td class='timestamp'>14:06:16</td>
<td class='step-name'>User clicks on Click here link in create your account section</td>
<td class='step-details'>SKIPPED</td>
</tr>
<tr>
<td class='status skip' title='skip' alt='skip'><i class='mdi-content-redo'></i></td>
<td class='timestamp'>14:06:16</td>
<td class='step-name'>User clicks on Subscribe link in Existing User section</td>
<td class='step-details'>SKIPPED</td>
</tr>
<tr>
<td class='status skip' title='skip' alt='skip'><i class='mdi-content-redo'></i></td>
<td class='timestamp'>14:06:16</td>
<td class='step-name'>User should navigate to Create your account section</td>
<td class='step-details'>SKIPPED</td>
</tr>
<tr>
<td class='status info' title='info' alt='info'><i class='mdi-action-info-outline'></i></td>
<td class='timestamp'>14:06:18</td>
<td class='step-details'><img class='report-img' data-featherlight='screenshot-1564221978842.png' src='screenshot-1564221978842.png' /></td>
</tr>
</tbody>
</table>
</div>
</div>
</li>
</ul>
</div>
</div>
</li>
</ul>
</div>
</div>
</div>
</div>
<div id='test-details-wrapper' class='col _addedCell2'>
<div class='contents'>
<div class='card-panel details-view'>
<h5 class='details-name'></h5>
<div class='step-filters right'>
<span class='info' alt='info' title='info'><i class='mdi-action-info-outline'></i></span>
<span class='pass' alt='pass' title='pass'><i class='mdi-action-check-circle'></i></span>
<span class='fail' alt='fail' title='fail'><i class='mdi-navigation-cancel'></i></span>
<span class='fatal' alt='fatal' title='fatal'><i class='mdi-navigation-cancel'></i></span>
<span class='error' alt='error' title='error'><i class='mdi-alert-error'></i></span>
<span class='warning' alt='warning' title='warning'><i class='mdi-alert-warning'></i></span>
<span class='skip' alt='skip' title='skip'><i class='mdi-content-redo'></i></span>
<span class='clear-step-filter' alt='Clear filters' title='Clear filters'><i class='mdi-content-clear'></i></span>
</div>
<div class='details-container'>
</div>
</div>
</div>
</div>
</div>
<!-- /tests -->

<!-- categories -->
<div id='categories-view' class='row _addedTable hide'>
<div class='col _addedCell1'>
<div class='contents'>
<div class='card-panel heading'>
<h5>Categories</h5>
</div>
<div class='card-panel filters'>
<div class='search' alt='Search tests' title='Search tests'>
<div class='input-field left'>
<input id='searchTests' type='text' class='validate' placeholder='Search tests...'>
</div>
<i class='mdi-action-search icon'></i>
</div>
</div>
<div class='card-panel no-padding-h no-padding-v'>
<div class='wrapper'>
<ul id='cat-collection' class='cat-collection'>
<li class='category-item displayed'>
<div class='cat-head'>
<span class='category-name'>@bottomtest</span>
</div>
<div class='category-status-counts'>
<span class='fail label dot'>Fail: 4</span>
</div>
<div class='cat-body'>
<div class='category-status-counts'>
<div class='button-group'>
<a href='#!' class='pass label filter'>Pass <span class='icon'>0</span></a>
<a href='#!' class='fail label filter'>Fail <span class='icon'>4</span></a>
<a href='#!' class='other label filter'>Others <span class='icon'>0</span></a>
</div>
</div>
<div class='cat-tests'>
<table class='bordered'>
<thead>
<tr>
<th>RunDate</th>
<th>Test Name</th>
<th>Status</th>
</tr>
</thead>
<tbody>
<tr class='fail'>
<td>2019-07-27 14:01:47</td>
<td><span class='category-link linked' extentid='8410b620-ae0b-4c65-a27d-a0151ae0447b'>Scenario: Validate that one single payment method is available for Lebanon country</span></td>
<td><div class='status label capitalize fail'>fail</div></td>
</tr>
<tr class='fail'>
<td>2019-07-27 14:02:35</td>
<td><span class='category-link linked' extentid='488152d4-3115-4518-85d1-8acb257c0826'>Scenario: Validate that two payment methods are available for Bahrain country</span></td>
<td><div class='status label capitalize fail'>fail</div></td>
</tr>
<tr class='fail'>
<td>2019-07-27 14:04:24</td>
<td><span class='category-link linked' extentid='93210b32-208b-4622-8ede-c58165ef5896'>Scenario: Validate user navigates back to subscribe now page</span></td>
<td><div class='status label capitalize fail'>fail</div></td>
</tr>
<tr class='fail'>
<td>2019-07-27 14:01:47</td>
<td><span class='category-link linked' extentid='6d06e991-3cd3-4b47-afaa-916c3fee1510'>Feature: Verify sample tests for home and login screen</span></td>
<td><div class='status label capitalize fail'>fail</div></td>
</tr>
<tbody>
</table>
</div>
</div> 
</li>
</ul>
</div>
</div>
</div>
</div>
<div id='cat-details-wrapper' class='col _addedCell2'>
<div class='contents'>
<div class='card-panel details-view'>
<h5 class='cat-name'></h5>
<div class='cat-container'>
</div>
</div>
</div>
</div>
</div>
<!-- /categories -->

<!-- exceptions -->
<!-- /exceptions -->

<!-- testrunner logs -->
<!-- /testrunner logs -->

</div>
<!-- /container -->

<!-- test dashboard counts setting -->
<div id='test-count-setting' class='modal bottom-sheet'> 
<div class='modal-content'> 
<h5>Configure Tests Count Setting</h5> 
<input name='test-count-setting' type='radio' id='parentWithoutNodes' class='with-gap'> 
<label for='parentWithoutNodes'>Parent Tests Only (Does not include child nodes in counts)</label> 
<br> 
<input name='test-count-setting' type='radio' id='parentWithoutNodesAndNodes' class='with-gap'> 
<label for='parentWithoutNodesAndNodes'>Parent Tests Without Child Tests + Child Tests</label> 
<br> 
<input name='test-count-setting' type='radio' id='childNodes' class='with-gap'> 
<label for='childNodes'>Child Tests Only</label> 
</div> 
<div class='modal-footer'> 
<a href='#!' class='modal-action modal-close waves-effect waves-green btn'>Save</a> 
</div> 
</div>
<!-- /test dashboard counts setting -->

<!-- filter for step status -->
<div id='step-status-filter' class='modal bottom-sheet'> 
<div class='modal-content'> 
<h5>Select status</h5> 
<input checked class='filled-in' type='checkbox' id='step-dashboard-filter-pass'> 
<label for='step-dashboard-filter-pass'>Pass</label> 
<br> 
<input checked class='filled-in' type='checkbox' id='step-dashboard-filter-fail'> 
<label for='step-dashboard-filter-fail'>Fail</label> 
<br> 
<input checked class='filled-in' type='checkbox' id='step-dashboard-filter-fatal'> 
<label for='step-dashboard-filter-fatal'>Fatal</label> 
<br> 
<input checked class='filled-in' type='checkbox' id='step-dashboard-filter-error'> 
<label for='step-dashboard-filter-error'>Error</label> 
<br> 
<input checked class='filled-in' type='checkbox' id='step-dashboard-filter-warning'> 
<label for='step-dashboard-filter-warning'>Warning</label> 
<br> 
<input checked class='filled-in' type='checkbox' id='step-dashboard-filter-skip'> 
<label for='step-dashboard-filter-skip'>Skipped</label> 
<br> 
<input checked class='filled-in' type='checkbox' id='step-dashboard-filter-info'> 
<label for='step-dashboard-filter-info'>Info</label> 
<br> 
<input checked class='filled-in' type='checkbox' id='step-dashboard-filter-unknown'> 
<label for='step-dashboard-filter-unknown'>Unknown</label> 
</div>
<div class='modal-footer'> 
<a href='#!' class='modal-action modal-close waves-effect waves-green btn'>Save</a> 
</div> 
</div>
<!-- /filter for step status -->

<script src='https://cdn.rawgit.com/anshooarora/extentreports/051be9b627c84bde3591f7e6268e8b70e334a760/cdn/extent.js' type='text/javascript'></script>

<script>$(document).ready(function() { $('.logo span').html('ExtentReports'); });</script>
<script>

            
                $(document).ready(function() {
                    
                });
            
        
</script>
</body>
</html>
